<?xml version="1.0" encoding="UTF-8"?>
<!-- Generated by org.testng.reporters.JUnitReportReporter -->
<testsuite hostname="LAPTOP-8MDVSO7M" failures="0" tests="1" name="TestScripts.loginPage" time="0.418" errors="0" timestamp="04 May 2022 10:12:36 GMT" skipped="0">
  <testcase classname="TestScripts.loginPage" name="t" time="0.418"/>
</testsuite> <!-- TestScripts.loginPage -->
