<?xml version="1.0" encoding="UTF-8"?>
<!-- Generated by org.testng.reporters.JUnitReportReporter -->
<testsuite hostname="LAPTOP-8MDVSO7M" failures="0" tests="2" name="TestRunner.TestRunner" time="18.205" errors="0" timestamp="06 May 2022 15:46:28 GMT" skipped="0">
  <testcase classname="TestRunner.TestRunner" name="feature" time="10.164"/>
  <testcase classname="TestRunner.TestRunner" name="feature" time="8.041"/>
</testsuite> <!-- TestRunner.TestRunner -->
